<?xml version="1.0" encoding="UTF-8"?>
<robot generator="Robot 4.0 (Python 3.9.1 on win32)" generated="20210516 21:21:47.483" rpa="false" schemaversion="2">
<suite id="s1" name="Test" source="C:\Globo\tests\test.robot">
<test id="s1-t1" name="Deverá exibir a mídia selecionada, conter validação e exibir o video tocando.">
<kw name="Dado que estou no site da Globoplay" library="base">
<kw name="Open Browser" library="SeleniumLibrary">
<arg>${URL}</arg>
<arg>${BROWSER}</arg>
<doc>Opens a new browser instance to the optional ``url``.</doc>
<msg timestamp="20210516 21:21:47.646" level="INFO">Opening browser 'chrome' to base url 'https://globoplay.globo.com/'.</msg>
<status status="PASS" starttime="20210516 21:21:47.645" endtime="20210516 21:21:52.388"/>
</kw>
<kw name="Set Window Size" library="SeleniumLibrary">
<arg>1920</arg>
<arg>1080</arg>
<doc>Sets current windows size to given ``width`` and ``height``.</doc>
<status status="PASS" starttime="20210516 21:21:52.388" endtime="20210516 21:21:52.507"/>
</kw>
<kw name="Set Selenium Implicit Wait" library="SeleniumLibrary">
<arg>10 seconds</arg>
<doc>Sets the implicit wait value used by Selenium.</doc>
<status status="PASS" starttime="20210516 21:21:52.508" endtime="20210516 21:21:52.511"/>
</kw>
<kw name="Title Should Be" library="SeleniumLibrary">
<arg>Globoplay | Assista online aos programas da Globo</arg>
<doc>Verifies that the current page title equals ``title``.</doc>
<msg timestamp="20210516 21:21:52.564" level="INFO">Page title is 'Globoplay | Assista online aos programas da Globo'.</msg>
<status status="PASS" starttime="20210516 21:21:52.511" endtime="20210516 21:21:52.564"/>
</kw>
<status status="PASS" starttime="20210516 21:21:47.645" endtime="20210516 21:21:52.564"/>
</kw>
<kw name="Quando entro na página de categorias" library="categoria">
<kw name="Wait Until Element Is Visible" library="SeleniumLibrary">
<arg>xpath=//nav[text()="Explore"]</arg>
<arg>10</arg>
<doc>Waits until the element ``locator`` is visible.</doc>
<status status="PASS" starttime="20210516 21:21:52.565" endtime="20210516 21:21:52.662"/>
</kw>
<kw name="Click Element" library="SeleniumLibrary">
<arg>xpath=//nav[text()="Explore"]</arg>
<doc>Click the element identified by ``locator``.</doc>
<msg timestamp="20210516 21:21:52.662" level="INFO">Clicking element 'xpath=//nav[text()="Explore"]'.</msg>
<status status="PASS" starttime="20210516 21:21:52.662" endtime="20210516 21:21:52.773"/>
</kw>
<kw name="Wait Until Element Is Visible" library="SeleniumLibrary">
<arg>xpath=//a[text()="Categorias"]</arg>
<arg>10</arg>
<doc>Waits until the element ``locator`` is visible.</doc>
<status status="PASS" starttime="20210516 21:21:52.774" endtime="20210516 21:21:52.944"/>
</kw>
<kw name="Element Should Be Visible" library="SeleniumLibrary">
<arg>xpath=//a[text()="Categorias"]</arg>
<doc>Verifies that the element identified by ``locator`` is visible.</doc>
<msg timestamp="20210516 21:21:52.979" level="INFO">Element 'xpath=//a[text()="Categorias"]' is displayed.</msg>
<status status="PASS" starttime="20210516 21:21:52.944" endtime="20210516 21:21:52.979"/>
</kw>
<status status="PASS" starttime="20210516 21:21:52.565" endtime="20210516 21:21:52.979"/>
</kw>
<kw name="Então seleciono a categoria e o programa que quero assistir" library="humor">
<kw name="Click Element" library="SeleniumLibrary">
<arg>xpath=//h3[text()="Humor"]</arg>
<doc>Click the element identified by ``locator``.</doc>
<msg timestamp="20210516 21:21:52.980" level="INFO">Clicking element 'xpath=//h3[text()="Humor"]'.</msg>
<status status="PASS" starttime="20210516 21:21:52.980" endtime="20210516 21:21:53.465"/>
</kw>
<kw name="Wait Until Element Is Visible" library="SeleniumLibrary">
<arg>css=h1[class="view-title page-template__header"]</arg>
<arg>10</arg>
<doc>Waits until the element ``locator`` is visible.</doc>
<status status="PASS" starttime="20210516 21:21:53.465" endtime="20210516 21:21:53.707"/>
</kw>
<kw name="Page Should Contain Element" library="SeleniumLibrary">
<arg>css=h1[class="view-title page-template__header"]</arg>
<doc>Verifies that element ``locator`` is found on the current page.</doc>
<msg timestamp="20210516 21:21:53.714" level="INFO">Current page contains element 'css=h1[class="view-title page-template__header"]'.</msg>
<status status="PASS" starttime="20210516 21:21:53.707" endtime="20210516 21:21:53.714"/>
</kw>
<kw name="Title Should Be" library="SeleniumLibrary">
<arg>Assista Humor pelo Globoplay</arg>
<doc>Verifies that the current page title equals ``title``.</doc>
<msg timestamp="20210516 21:21:53.717" level="INFO">Page title is 'Assista Humor pelo Globoplay'.</msg>
<status status="PASS" starttime="20210516 21:21:53.714" endtime="20210516 21:21:53.717"/>
</kw>
<kw name="Wait Until Element Is Visible" library="SeleniumLibrary">
<arg>xpath=//img[@class="playkit-thumb-v2__image-content"][@alt="Sinta-se em Casa"]</arg>
<arg>10</arg>
<doc>Waits until the element ``locator`` is visible.</doc>
<status status="PASS" starttime="20210516 21:21:53.717" endtime="20210516 21:21:54.669"/>
</kw>
<kw name="Click Image" library="SeleniumLibrary">
<arg>xpath=//img[@class="playkit-thumb-v2__image-content"][@alt="Sinta-se em Casa"]</arg>
<doc>Clicks an image identified by ``locator``.</doc>
<msg timestamp="20210516 21:21:54.669" level="INFO">Clicking image 'xpath=//img[@class="playkit-thumb-v2__image-content"][@alt="Sinta-se em Casa"]'.</msg>
<status status="PASS" starttime="20210516 21:21:54.669" endtime="20210516 21:21:54.760"/>
</kw>
<status status="PASS" starttime="20210516 21:21:52.980" endtime="20210516 21:21:54.760"/>
</kw>
<kw name="E clico em assistir para ver o programa" library="categoria">
<kw name="Page Should Contain" library="SeleniumLibrary">
<arg>Quarentenado e entediado, Marcelo Adnet revira suas gavetas e personagens para compartilhar uma crônica diária, de cara limpa, direto de casa.</arg>
<doc>Verifies that current page contains ``text``.</doc>
<msg timestamp="20210516 21:21:54.924" level="INFO">Current page contains text 'Quarentenado e entediado, Marcelo Adnet revira suas gavetas e personagens para compartilhar uma crônica diária, de cara limpa, direto de casa.'.</msg>
<status status="PASS" starttime="20210516 21:21:54.761" endtime="20210516 21:21:54.925"/>
</kw>
<kw name="Wait Until Element Is Visible" library="SeleniumLibrary">
<arg>xpath=//div[@class="playkit-buttons__button playkit-buttons__colored-button playkit-buttons__colored-button--with-hover"]//span[contains(text(),'Assista')]</arg>
<doc>Waits until the element ``locator`` is visible.</doc>
<status status="PASS" starttime="20210516 21:21:54.925" endtime="20210516 21:21:54.970"/>
</kw>
<kw name="Click Element" library="SeleniumLibrary">
<arg>xpath=//div[@class="playkit-buttons__button playkit-buttons__colored-button playkit-buttons__colored-button--with-hover"]//span[contains(text(),'Assista')]</arg>
<doc>Click the element identified by ``locator``.</doc>
<msg timestamp="20210516 21:21:54.970" level="INFO">Clicking element 'xpath=//div[@class="playkit-buttons__button playkit-buttons__colored-button playkit-buttons__colored-button--with-hover"]//span[contains(text(),'Assista')]'.</msg>
<status status="PASS" starttime="20210516 21:21:54.970" endtime="20210516 21:21:55.796"/>
</kw>
<kw name="Sleep" library="BuiltIn">
<arg>20</arg>
<doc>Pauses the test executed for the given time.</doc>
<msg timestamp="20210516 21:22:15.811" level="INFO">Slept 20 seconds</msg>
<status status="PASS" starttime="20210516 21:21:55.796" endtime="20210516 21:22:15.811"/>
</kw>
<kw name="Capture Page Screenshot" library="SeleniumLibrary">
<doc>Takes a screenshot of the current page and embeds it into a log file.</doc>
<msg timestamp="20210516 21:22:16.261" level="INFO" html="true">&lt;/td&gt;&lt;/tr&gt;&lt;tr&gt;&lt;td colspan="3"&gt;&lt;a href="selenium-screenshot-1.png"&gt;&lt;img src="selenium-screenshot-1.png" width="800px"&gt;&lt;/a&gt;</msg>
<status status="PASS" starttime="20210516 21:22:15.812" endtime="20210516 21:22:16.261"/>
</kw>
<status status="PASS" starttime="20210516 21:21:54.760" endtime="20210516 21:22:16.261"/>
</kw>
<kw name="Encerrar sessão" library="base" type="TEARDOWN">
<kw name="Close Browser" library="SeleniumLibrary">
<doc>Closes the current browser.</doc>
<status status="PASS" starttime="20210516 21:22:16.262" endtime="20210516 21:22:18.428"/>
</kw>
<status status="PASS" starttime="20210516 21:22:16.262" endtime="20210516 21:22:18.428"/>
</kw>
<status status="PASS" starttime="20210516 21:21:47.645" endtime="20210516 21:22:18.430"/>
</test>
<status status="PASS" starttime="20210516 21:21:47.484" endtime="20210516 21:22:18.436"/>
</suite>
<statistics>
<total>
<stat pass="1" fail="0" skip="0">All Tests</stat>
</total>
<tag>
</tag>
<suite>
<stat pass="1" fail="0" skip="0" id="s1" name="Test">Test</stat>
</suite>
</statistics>
<errors>
</errors>
</robot>
